WorkingRFID/app/build/intermediates/manifest_merge_blame_file/debug/manifest-merger-blame-debug-report.txt
1<?xml version="1.0" encoding="utf-8"?>
2<manifest xmlns:android="http://schemas.android.com/apk/res/android"
3    package="com.idata.workingrfid"
4    android:versionCode="1"
5    android:versionName="1.0" >
6
7    <uses-sdk
8        android:minSdkVersion="26"
8-->src\main\AndroidManifest.xml
9        android:targetSdkVersion="34" />
9-->src\main\AndroidManifest.xml
10
11    <uses-permission android:name="android.permission.INTERNET" />
11-->src\main\AndroidManifest.xml:5:5-67
11-->src\main\AndroidManifest.xml:5:22-64
12    <uses-permission android:name="android.permission.ACCESS_NETWORK_STATE" />
12-->src\main\AndroidManifest.xml:6:5-79
12-->src\main\AndroidManifest.xml:6:22-76
13    <uses-permission android:name="android.permission.SERIAL_PORT" />
13-->src\main\AndroidManifest.xml:7:5-70
13-->src\main\AndroidManifest.xml:7:22-67
14
15    <permission
15-->[androidx.core:core:1.9.0] AndroidManifest.xml:22:5-24:47
16        android:name="com.idata.workingrfid.DYNAMIC_RECEIVER_NOT_EXPORTED_PERMISSION"
16-->[androidx.core:core:1.9.0] AndroidManifest.xml:23:9-81
17        android:protectionLevel="signature" />
17-->[androidx.core:core:1.9.0] AndroidManifest.xml:24:9-44
18
19    <uses-permission android:name="com.idata.workingrfid.DYNAMIC_RECEIVER_NOT_EXPORTED_PERMISSION" />
19-->[androidx.core:core:1.9.0] AndroidManifest.xml:26:5-97
19-->[androidx.core:core:1.9.0] AndroidManifest.xml:26:22-94
20
21    <application
21-->src\main\AndroidManifest.xml:9:5-42:19
22        android:allowBackup="true"
22-->src\main\AndroidManifest.xml:10:9-35
23        android:appComponentFactory="androidx.core.app.CoreComponentFactory"
23-->[androidx.core:core:1.9.0] AndroidManifest.xml:28:18-86
24        android:debuggable="true"
25        android:extractNativeLibs="false"
26        android:icon="@mipmap/ic_launcher"
26-->src\main\AndroidManifest.xml:11:9-43
27        android:label="@string/app_name"
27-->src\main\AndroidManifest.xml:12:9-41
28        android:requestLegacyExternalStorage="true"
28-->src\main\AndroidManifest.xml:16:9-52
29        android:roundIcon="@mipmap/ic_launcher_round"
29-->src\main\AndroidManifest.xml:13:9-54
30        android:supportsRtl="true"
30-->src\main\AndroidManifest.xml:14:9-35
31        android:testOnly="true"
32        android:theme="@style/Theme.WorkingRFID" >
32-->src\main\AndroidManifest.xml:15:9-49
33        <activity
33-->src\main\AndroidManifest.xml:18:9-25:20
34            android:name="com.idata.workingrfid.MainActivity"
34-->src\main\AndroidManifest.xml:19:13-41
35            android:exported="true" >
35-->src\main\AndroidManifest.xml:20:13-36
36            <intent-filter>
36-->src\main\AndroidManifest.xml:21:13-24:29
37                <action android:name="android.intent.action.MAIN" />
37-->src\main\AndroidManifest.xml:22:17-69
37-->src\main\AndroidManifest.xml:22:25-66
38
39                <category android:name="android.intent.category.LAUNCHER" />
39-->src\main\AndroidManifest.xml:23:17-77
39-->src\main\AndroidManifest.xml:23:27-74
40            </intent-filter>
41        </activity>
42        <activity
42-->src\main\AndroidManifest.xml:27:9-29:40
43            android:name="com.idata.workingrfid.ETagsActivity"
43-->src\main\AndroidManifest.xml:28:13-42
44            android:exported="false" />
44-->src\main\AndroidManifest.xml:29:13-37
45        <activity
45-->src\main\AndroidManifest.xml:31:9-33:40
46            android:name="com.idata.workingrfid.TagPropertiesActivity"
46-->src\main\AndroidManifest.xml:32:13-50
47            android:exported="false" />
47-->src\main\AndroidManifest.xml:33:13-37
48        <activity
48-->src\main\AndroidManifest.xml:35:9-37:40
49            android:name="com.idata.workingrfid.ItemsListActivity"
49-->src\main\AndroidManifest.xml:36:13-46
50            android:exported="false" />
50-->src\main\AndroidManifest.xml:37:13-37
51        <activity
51-->src\main\AndroidManifest.xml:39:9-41:40
52            android:name="com.idata.workingrfid.LocationScanActivity"
52-->src\main\AndroidManifest.xml:40:13-49
53            android:exported="false" />
53-->src\main\AndroidManifest.xml:41:13-37
54
55        <provider
55-->[androidx.emoji2:emoji2:1.2.0] AndroidManifest.xml:24:9-32:20
56            android:name="androidx.startup.InitializationProvider"
56-->[androidx.emoji2:emoji2:1.2.0] AndroidManifest.xml:25:13-67
57            android:authorities="com.idata.workingrfid.androidx-startup"
57-->[androidx.emoji2:emoji2:1.2.0] AndroidManifest.xml:26:13-68
58            android:exported="false" >
58-->[androidx.emoji2:emoji2:1.2.0] AndroidManifest.xml:27:13-37
59            <meta-data
59-->[androidx.emoji2:emoji2:1.2.0] AndroidManifest.xml:29:13-31:52
60                android:name="androidx.emoji2.text.EmojiCompatInitializer"
60-->[androidx.emoji2:emoji2:1.2.0] AndroidManifest.xml:30:17-75
61                android:value="androidx.startup" />
61-->[androidx.emoji2:emoji2:1.2.0] AndroidManifest.xml:31:17-49
62            <meta-data
62-->[androidx.lifecycle:lifecycle-process:2.4.1] AndroidManifest.xml:31:13-33:52
63                android:name="androidx.lifecycle.ProcessLifecycleInitializer"
63-->[androidx.lifecycle:lifecycle-process:2.4.1] AndroidManifest.xml:32:17-78
64                android:value="androidx.startup" />
64-->[androidx.lifecycle:lifecycle-process:2.4.1] AndroidManifest.xml:33:17-49
65        </provider>
66    </application>
67
68</manifest>